\BOOKMARK [0][-]{dedication.0}{Dedicat\363ria}{}% 1
\BOOKMARK [0][-]{acknowledgements.0}{Agradecimentos}{}% 2
\BOOKMARK [0][-]{resumo.0}{Abstract}{}% 3
\BOOKMARK [0][-]{abstract.0}{Abstract}{}% 4
\BOOKMARK [0][-]{chapter.1}{Introdu\347\343o}{}% 5
\BOOKMARK [0][-]{chapter.2}{Referencial Te\363rico}{}% 6
\BOOKMARK [1][-]{section.2.1}{Arquitetura de Processadores}{chapter.2}% 7
\BOOKMARK [1][-]{section.2.2}{Controladores de Dispositivos Externos}{chapter.2}% 8
\BOOKMARK [1][-]{section.2.3}{Sistemas Operacionais}{chapter.2}% 9
\BOOKMARK [1][-]{section.2.4}{Carregadores}{chapter.2}% 10
\BOOKMARK [1][-]{section.2.5}{Ligadores}{chapter.2}% 11
\BOOKMARK [1][-]{section.2.6}{Montadores}{chapter.2}% 12
\BOOKMARK [1][-]{section.2.7}{Compiladores}{chapter.2}% 13
\BOOKMARK [1][-]{section.2.8}{Criptografia}{chapter.2}% 14
\BOOKMARK [0][-]{chapter.3}{Revis\343o Bibliogr\341fica}{}% 15
\BOOKMARK [0][-]{chapter.4}{Metodologia}{}% 16
\BOOKMARK [0][-]{chapter.5}{Prot\363tipo do Quinto Cap\355tulo}{}% 17
\BOOKMARK [1][-]{section.5.1}{Conceitos B\341sicos}{chapter.5}% 18
\BOOKMARK [1][-]{section.5.2}{Linguagem de Montagem Subleq}{chapter.5}% 19
\BOOKMARK [0][-]{section*.8}{Refer\352ncias}{}% 20
